<?xml version="1.0" encoding="UTF-8"?>
<testsuite name="wolox.training.TrainingApplicationTests" tests="1" skipped="0" failures="0" errors="0" timestamp="2021-01-05T14:55:49" hostname="wolox-pc0190" time="0.158">
  <properties/>
  <testcase name="contextLoads()" classname="wolox.training.TrainingApplicationTests" time="0.158"/>
  <system-out><![CDATA[09:55:21.068 [Test worker] DEBUG org.springframework.test.context.BootstrapUtils - Instantiating CacheAwareContextLoaderDelegate from class [org.springframework.test.context.cache.DefaultCacheAwareContextLoaderDelegate]
09:55:21.077 [Test worker] DEBUG org.springframework.test.context.BootstrapUtils - Instantiating BootstrapContext using constructor [public org.springframework.test.context.support.DefaultBootstrapContext(java.lang.Class,org.springframework.test.context.CacheAwareContextLoaderDelegate)]
09:55:21.101 [Test worker] DEBUG org.springframework.test.context.BootstrapUtils - Instantiating TestContextBootstrapper for test class [wolox.training.TrainingApplicationTests] from class [org.springframework.boot.test.context.SpringBootTestContextBootstrapper]
09:55:21.108 [Test worker] INFO org.springframework.boot.test.context.SpringBootTestContextBootstrapper - Neither @ContextConfiguration nor @ContextHierarchy found for test class [wolox.training.TrainingApplicationTests], using SpringBootContextLoader
09:55:21.111 [Test worker] DEBUG org.springframework.test.context.support.AbstractContextLoader - Did not detect default resource location for test class [wolox.training.TrainingApplicationTests]: class path resource [wolox/training/TrainingApplicationTests-context.xml] does not exist
09:55:21.112 [Test worker] DEBUG org.springframework.test.context.support.AbstractContextLoader - Did not detect default resource location for test class [wolox.training.TrainingApplicationTests]: class path resource [wolox/training/TrainingApplicationTestsContext.groovy] does not exist
09:55:21.112 [Test worker] INFO org.springframework.test.context.support.AbstractContextLoader - Could not detect default resource locations for test class [wolox.training.TrainingApplicationTests]: no resource found for suffixes {-context.xml, Context.groovy}.
09:55:21.112 [Test worker] INFO org.springframework.test.context.support.AnnotationConfigContextLoaderUtils - Could not detect default configuration classes for test class [wolox.training.TrainingApplicationTests]: TrainingApplicationTests does not declare any static, non-private, non-final, nested classes annotated with @Configuration.
09:55:21.141 [Test worker] DEBUG org.springframework.test.context.support.ActiveProfilesUtils - Could not find an 'annotation declaring class' for annotation type [org.springframework.test.context.ActiveProfiles] and class [wolox.training.TrainingApplicationTests]
09:55:21.176 [Test worker] DEBUG org.springframework.context.annotation.ClassPathScanningCandidateComponentProvider - Identified candidate component class: file [/home/juanpablotobon/Documentos/Training/jt-java/build/classes/java/main/wolox/training/TrainingApplication.class]
09:55:21.177 [Test worker] INFO org.springframework.boot.test.context.SpringBootTestContextBootstrapper - Found @SpringBootConfiguration wolox.training.TrainingApplication for test class wolox.training.TrainingApplicationTests
09:55:21.255 [Test worker] DEBUG org.springframework.boot.test.context.SpringBootTestContextBootstrapper - @TestExecutionListeners is not present for class [wolox.training.TrainingApplicationTests]: using defaults.
09:55:21.256 [Test worker] INFO org.springframework.boot.test.context.SpringBootTestContextBootstrapper - Loaded default TestExecutionListener class names from location [META-INF/spring.factories]: [org.springframework.boot.test.autoconfigure.restdocs.RestDocsTestExecutionListener, org.springframework.boot.test.autoconfigure.web.client.MockRestServiceServerResetTestExecutionListener, org.springframework.boot.test.autoconfigure.web.servlet.MockMvcPrintOnlyOnFailureTestExecutionListener, org.springframework.boot.test.autoconfigure.web.servlet.WebDriverTestExecutionListener, org.springframework.boot.test.autoconfigure.webservices.client.MockWebServiceServerTestExecutionListener, org.springframework.boot.test.mock.mockito.MockitoTestExecutionListener, org.springframework.boot.test.mock.mockito.ResetMocksTestExecutionListener, org.springframework.test.context.web.ServletTestExecutionListener, org.springframework.test.context.support.DirtiesContextBeforeModesTestExecutionListener, org.springframework.test.context.support.DependencyInjectionTestExecutionListener, org.springframework.test.context.support.DirtiesContextTestExecutionListener, org.springframework.test.context.transaction.TransactionalTestExecutionListener, org.springframework.test.context.jdbc.SqlScriptsTestExecutionListener, org.springframework.test.context.event.EventPublishingTestExecutionListener]
09:55:21.269 [Test worker] INFO org.springframework.boot.test.context.SpringBootTestContextBootstrapper - Using TestExecutionListeners: [org.springframework.test.context.web.ServletTestExecutionListener@3866d953, org.springframework.test.context.support.DirtiesContextBeforeModesTestExecutionListener@10a514ea, org.springframework.boot.test.mock.mockito.MockitoTestExecutionListener@1fbbc7f0, org.springframework.boot.test.autoconfigure.SpringBootDependencyInjectionTestExecutionListener@6f05d73f, org.springframework.test.context.support.DirtiesContextTestExecutionListener@612737cd, org.springframework.test.context.transaction.TransactionalTestExecutionListener@591d6d47, org.springframework.test.context.jdbc.SqlScriptsTestExecutionListener@18d8b5d3, org.springframework.test.context.event.EventPublishingTestExecutionListener@592535d8, org.springframework.boot.test.autoconfigure.restdocs.RestDocsTestExecutionListener@164e86e, org.springframework.boot.test.autoconfigure.web.client.MockRestServiceServerResetTestExecutionListener@3321ca50, org.springframework.boot.test.autoconfigure.web.servlet.MockMvcPrintOnlyOnFailureTestExecutionListener@6e0a97ca, org.springframework.boot.test.autoconfigure.web.servlet.WebDriverTestExecutionListener@1e71e426, org.springframework.boot.test.autoconfigure.webservices.client.MockWebServiceServerTestExecutionListener@3870481e, org.springframework.boot.test.mock.mockito.ResetMocksTestExecutionListener@53e660a]
09:55:21.271 [Test worker] DEBUG org.springframework.test.context.support.AbstractDirtiesContextTestExecutionListener - Before test class: context [DefaultTestContext@56c02440 testClass = TrainingApplicationTests, testInstance = [null], testMethod = [null], testException = [null], mergedContextConfiguration = [WebMergedContextConfiguration@73e0b913 testClass = TrainingApplicationTests, locations = '{}', classes = '{class wolox.training.TrainingApplication}', contextInitializerClasses = '[]', activeProfiles = '{}', propertySourceLocations = '{}', propertySourceProperties = '{org.springframework.boot.test.context.SpringBootTestContextBootstrapper=true}', contextCustomizers = set[org.springframework.boot.test.autoconfigure.actuate.metrics.MetricsExportContextCustomizerFactory$DisableMetricExportContextCustomizer@541cd11b, org.springframework.boot.test.autoconfigure.properties.PropertyMappingContextCustomizer@0, org.springframework.boot.test.autoconfigure.web.servlet.WebDriverContextCustomizerFactory$Customizer@462f0d27, org.springframework.boot.test.context.filter.ExcludeFilterContextCustomizer@514f2e43, org.springframework.boot.test.json.DuplicateJsonObjectContextCustomizerFactory$DuplicateJsonObjectContextCustomizer@3884396, org.springframework.boot.test.mock.mockito.MockitoContextCustomizer@0, org.springframework.boot.test.web.client.TestRestTemplateContextCustomizer@788b6f0b, org.springframework.boot.test.context.SpringBootTestArgs@1, org.springframework.boot.test.context.SpringBootTestWebEnvironment@72300e20], resourceBasePath = 'src/main/webapp', contextLoader = 'org.springframework.boot.test.context.SpringBootContextLoader', parent = [null]], attributes = map['org.springframework.test.context.web.ServletTestExecutionListener.activateListener' -> true]], class annotated with @DirtiesContext [false] with mode [null].
09:55:21.293 [Test worker] DEBUG org.springframework.test.context.support.TestPropertySourceUtils - Adding inlined properties to environment: {spring.jmx.enabled=false, org.springframework.boot.test.context.SpringBootTestContextBootstrapper=true}

  .   ____          _            __ _ _
 /\\ / ___'_ __ _ _(_)_ __  __ _ \ \ \ \
( ( )\___ | '_ | '_| | '_ \/ _` | \ \ \ \
 \\/  ___)| |_)| | | | | || (_| |  ) ) ) )
  '  |____| .__|_| |_|_| |_\__, | / / / /
 =========|_|==============|___/=/_/_/_/
 :: Spring Boot ::                (v2.4.1)

2021-01-05 09:55:21.506  INFO 86999 --- [    Test worker] wolox.training.TrainingApplicationTests  : Starting TrainingApplicationTests using Java 11.0.9.1 on wolox-pc0190 with PID 86999 (started by juanpablotobon in /home/juanpablotobon/Documentos/Training/jt-java)
2021-01-05 09:55:21.509  INFO 86999 --- [    Test worker] wolox.training.TrainingApplicationTests  : No active profile set, falling back to default profiles: default
2021-01-05 09:55:21.959  INFO 86999 --- [    Test worker] .s.d.r.c.RepositoryConfigurationDelegate : Bootstrapping Spring Data JPA repositories in DEFAULT mode.
2021-01-05 09:55:21.968  INFO 86999 --- [    Test worker] .s.d.r.c.RepositoryConfigurationDelegate : Finished Spring Data repository scanning in 3 ms. Found 0 JPA repository interfaces.
2021-01-05 09:55:22.339  INFO 86999 --- [    Test worker] o.hibernate.jpa.internal.util.LogHelper  : HHH000204: Processing PersistenceUnitInfo [name: default]
2021-01-05 09:55:22.395  INFO 86999 --- [    Test worker] org.hibernate.Version                    : HHH000412: Hibernate ORM core version 5.4.25.Final
2021-01-05 09:55:22.481  INFO 86999 --- [    Test worker] o.hibernate.annotations.common.Version   : HCANN000001: Hibernate Commons Annotations {5.1.2.Final}
2021-01-05 09:55:22.542  INFO 86999 --- [    Test worker] com.zaxxer.hikari.HikariDataSource       : HikariPool-1 - Starting...
2021-01-05 09:55:23.768  INFO 86999 --- [    Test worker] com.zaxxer.hikari.HikariDataSource       : HikariPool-1 - Start completed.
2021-01-05 09:55:23.782  INFO 86999 --- [    Test worker] org.hibernate.dialect.Dialect            : HHH000400: Using dialect: org.hibernate.dialect.PostgreSQLDialect
2021-01-05 09:55:49.311  INFO 86999 --- [    Test worker] o.h.e.t.j.p.i.JtaPlatformInitiator       : HHH000490: Using JtaPlatform implementation: [org.hibernate.engine.transaction.jta.platform.internal.NoJtaPlatform]
2021-01-05 09:55:49.318  INFO 86999 --- [    Test worker] j.LocalContainerEntityManagerFactoryBean : Initialized JPA EntityManagerFactory for persistence unit 'default'
2021-01-05 09:55:49.491  WARN 86999 --- [    Test worker] JpaBaseConfiguration$JpaWebConfiguration : spring.jpa.open-in-view is enabled by default. Therefore, database queries may be performed during view rendering. Explicitly configure spring.jpa.open-in-view to disable this warning
2021-01-05 09:55:49.641  INFO 86999 --- [    Test worker] o.s.s.concurrent.ThreadPoolTaskExecutor  : Initializing ExecutorService 'applicationTaskExecutor'
2021-01-05 09:55:49.884  INFO 86999 --- [    Test worker] wolox.training.TrainingApplicationTests  : Started TrainingApplicationTests in 28.586 seconds (JVM running for 29.309)
]]></system-out>
  <system-err><![CDATA[]]></system-err>
</testsuite>
